<?xml version="1.0" encoding="UTF-8"?>
<testng-results ignored="0" total="1" passed="1" failed="0" skipped="0">
  <reporter-output>
  </reporter-output>
  <suite started-at="2021-08-30T21:04:36Z" name="Default suite" finished-at="2021-08-30T21:04:59Z" duration-ms="22876">
    <groups>
    </groups>
    <test started-at="2021-08-30T21:04:36Z" name="Default test" finished-at="2021-08-30T21:04:59Z" duration-ms="22876">
      <class name="Itime.itimelogin">
        <test-method signature="f()[pri:0, instance:Itime.itimelogin@2a7f1f10]" started-at="2021-08-31T02:34:36Z" name="f" finished-at="2021-08-31T02:34:59Z" duration-ms="22838" status="PASS">
          <reporter-output>
          </reporter-output>
        </test-method> <!-- f -->
      </class> <!-- Itime.itimelogin -->
    </test> <!-- Default test -->
  </suite> <!-- Default suite -->
</testng-results>
